<?xml version="1.0" encoding="UTF-8"?>
<!-- Generated by org.testng.reporters.JUnitReportReporter -->
<testsuite hostname="LAPTOP-F2AFVML5" failures="0" tests="1" name="Test_NG.hard_assertion" time="4.097" errors="0" timestamp="2025-01-17T12:21:15 IST" skipped="0">
  <testcase classname="Test_NG.hard_assertion" name="hard" time="4.097"/>
  <system-out/>
</testsuite> <!-- Test_NG.hard_assertion -->
