<?xml version="1.0" encoding="UTF-8"?>
<!-- Generated by org.testng.reporters.JUnitReportReporter -->
<testsuite hostname="LAPTOP-F2AFVML5" failures="0" tests="4" name="testng.testng_attributes" time="0.011" errors="0" timestamp="2025-01-15T13:17:41 IST" skipped="1">
  <testcase classname="testng.testng_attributes" name="login" time="0.009"/>
  <system-out/>
  <testcase classname="testng.testng_attributes" name="homepage" time="0.001"/>
  <system-out/>
  <testcase classname="testng.testng_attributes" name="logout" time="0.001"/>
  <system-out/>
  <testcase classname="testng.testng_attributes" name="signup">
    <skipped/>
  </testcase> <!-- signup -->
  <system-out/>
</testsuite> <!-- testng.testng_attributes -->
