<?xml version="1.0" encoding="UTF-8"?>
<!-- Generated by org.testng.reporters.JUnitReportReporter -->
<testsuite hostname="LAPTOP-F2AFVML5" failures="0" tests="4" name="Test_NG.testng_attributes" time="0.013" errors="0" timestamp="2025-01-16T12:46:12 IST" skipped="1">
  <testcase classname="Test_NG.testng_attributes" name="login" time="0.010"/>
  <system-out/>
  <testcase classname="Test_NG.testng_attributes" name="homepage" time="0.001"/>
  <system-out/>
  <testcase classname="Test_NG.testng_attributes" name="logout" time="0.002"/>
  <system-out/>
  <testcase classname="Test_NG.testng_attributes" name="signup">
    <skipped/>
  </testcase> <!-- signup -->
  <system-out/>
</testsuite> <!-- Test_NG.testng_attributes -->
