<?xml version="1.0" encoding="UTF-8"?>
<!-- Generated by org.testng.reporters.JUnitReportReporter -->
<testsuite hostname="LAPTOP-F2AFVML5" failures="0" tests="1" name="Test_NG.script1" time="0.001" errors="0" timestamp="2025-01-16T12:46:13 IST" skipped="0">
  <testcase classname="Test_NG.script1" name="signup" time="0.001"/>
  <system-out/>
</testsuite> <!-- Test_NG.script1 -->
