<?xml version="1.0" encoding="UTF-8"?>
<!-- Generated by org.testng.reporters.JUnitReportReporter -->
<testsuite hostname="LAPTOP-F2AFVML5" failures="0" tests="1" name="testng_annotation.TC03" time="3.357" errors="0" timestamp="2025-01-16T12:57:14 IST" skipped="0">
  <testcase classname="testng_annotation.TC03" name="element" time="3.357"/>
  <system-out/>
</testsuite> <!-- testng_annotation.TC03 -->
